<?xml version="1.0" encoding="UTF-8"?>
<!-- Generated by org.testng.reporters.JUnitReportReporter -->
<testsuite skipped="0" hostname="Siddharth-PC" name="com.b1.testcases.ReviewFeed_Regress_PageTest" tests="5" failures="0" timestamp="05 Feb 2021 14:35:24 GMT" time="102.812" errors="0">
  <testcase name="clickOnContextAndSelectCheesecake" time="6.718" classname="com.b1.testcases.ReviewFeed_Regress_PageTest"/>
  <testcase name="clickOnReviews" time="10.396" classname="com.b1.testcases.ReviewFeed_Regress_PageTest"/>
  <testcase name="C2277_VerifyEmail_ReviewSummary_Test" time="37.109" classname="com.b1.testcases.ReviewFeed_Regress_PageTest"/>
  <testcase name="C2278_VerifyEmail_ResponseReminder_Test" time="35.689" classname="com.b1.testcases.ReviewFeed_Regress_PageTest"/>
  <testcase name="C2281_VerifyShareReview" time="12.900" classname="com.b1.testcases.ReviewFeed_Regress_PageTest"/>
</testsuite> <!-- com.b1.testcases.ReviewFeed_Regress_PageTest -->
